<?xml version="1.0" encoding="UTF-8" standalone="no"?>
<!DOCTYPE log SYSTEM "logger.dtd">
<log>
<record>
  <date>2018-11-01T14:13:48.918-0300</date>
  <logger>LEVI RIOS GOMES</logger>
  <level>FINE</level>
  <message>File 117210339-LEVI RIOS GOMES.zip was received. It was sent by LEVI RIOS GOMES from IP 192.168.56.1</message>
</record>
</log>
<?xml version="1.0" encoding="UTF-8" standalone="no"?>
<!DOCTYPE log SYSTEM "logger.dtd">
<log>
<record>
  <date>2018-11-03T02:29:15.109-0300</date>
  <logger>LEVI RIOS GOMES</logger>
  <level>FINE</level>
  <message>File 117210339-LEVI RIOS GOMES.zip was received. It was sent by LEVI RIOS GOMES from IP 192.168.56.1</message>
</record>
</log>
<?xml version="1.0" encoding="UTF-8" standalone="no"?>
<!DOCTYPE log SYSTEM "logger.dtd">
<log>
<record>
  <date>2018-11-03T12:05:04.888-0300</date>
  <logger>LEVI RIOS GOMES</logger>
  <level>FINE</level>
  <message>File 117210339-LEVI RIOS GOMES.zip was received. It was sent by LEVI RIOS GOMES from IP 192.168.56.1</message>
</record>
</log>
<?xml version="1.0" encoding="UTF-8" standalone="no"?>
<!DOCTYPE log SYSTEM "logger.dtd">
<log>
<record>
  <date>2018-11-03T12:06:58.930-0300</date>
  <logger>LEVI RIOS GOMES</logger>
  <level>FINE</level>
  <message>File 117210339-LEVI RIOS GOMES.zip was received. It was sent by LEVI RIOS GOMES from IP 192.168.56.1</message>
</record>
