<?xml version="1.0" encoding="UTF-8" standalone="no"?>
<!DOCTYPE log SYSTEM "logger.dtd">
<log>
<record>
  <date>2018-09-06T14:08:13.177-0300</date>
  <logger>LEVI RIOS GOMES</logger>
  <level>FINE</level>
  <message>File 117210339-LEVI RIOS GOMES.zip was received. It was sent by LEVI RIOS GOMES from IP 150.165.42.169</message>
</record>
</log>
<?xml version="1.0" encoding="UTF-8" standalone="no"?>
<!DOCTYPE log SYSTEM "logger.dtd">
<log>
<record>
  <date>2018-09-06T20:24:16.539-0300</date>
  <logger>LEVI RIOS GOMES</logger>
  <level>FINE</level>
  <message>File 117210339-LEVI RIOS GOMES.zip was received. It was sent by LEVI RIOS GOMES from IP 192.168.1.102</message>
</record>
</log>
<?xml version="1.0" encoding="UTF-8" standalone="no"?>
<!DOCTYPE log SYSTEM "logger.dtd">
<log>
<record>
  <date>2018-09-06T20:29:45.999-0300</date>
  <logger>LEVI RIOS GOMES</logger>
  <level>FINE</level>
  <message>File 117210339-LEVI RIOS GOMES.zip was received. It was sent by LEVI RIOS GOMES from IP 192.168.1.102</message>
</record>
