<?xml version="1.0" encoding="UTF-8" standalone="no"?>
<!DOCTYPE log SYSTEM "logger.dtd">
<log>
<record>
  <date>2018-11-08T14:04:40.841-0300</date>
  <logger>LEVI RIOS GOMES</logger>
  <level>FINE</level>
  <message>File 117210339-LEVI RIOS GOMES.zip was received. It was sent by LEVI RIOS GOMES from IP 192.168.56.1</message>
</record>
</log>
<?xml version="1.0" encoding="UTF-8" standalone="no"?>
<!DOCTYPE log SYSTEM "logger.dtd">
<log>
<record>
  <date>2018-11-10T06:43:07.101-0300</date>
  <logger>LEVI RIOS GOMES</logger>
  <level>FINE</level>
  <message>File 117210339-LEVI RIOS GOMES.zip was received. It was sent by LEVI RIOS GOMES from IP 192.168.56.1</message>
</record>
</log>
<?xml version="1.0" encoding="UTF-8" standalone="no"?>
<!DOCTYPE log SYSTEM "logger.dtd">
<log>
<record>
  <date>2018-11-10T06:59:23.098-0300</date>
  <logger>LEVI RIOS GOMES</logger>
  <level>FINE</level>
  <message>File 117210339-LEVI RIOS GOMES.zip was received. It was sent by LEVI RIOS GOMES from IP 192.168.56.1</message>
</record>
