<?xml version="1.0" encoding="UTF-8" standalone="no"?>
<!DOCTYPE log SYSTEM "logger.dtd">
<log>
<record>
  <date>2018-10-08T16:34:14.623-0300</date>
  <logger>LEVI RIOS GOMES</logger>
  <level>FINE</level>
  <message>File 117210339-LEVI RIOS GOMES.zip was received. It was sent by LEVI RIOS GOMES from IP 192.168.56.1</message>
</record>
</log>
<?xml version="1.0" encoding="UTF-8" standalone="no"?>
<!DOCTYPE log SYSTEM "logger.dtd">
<log>
<record>
  <date>2018-10-09T16:11:06.161-0300</date>
  <logger>LEVI RIOS GOMES</logger>
  <level>FINE</level>
  <message>File 117210339-LEVI RIOS GOMES.zip was received. It was sent by LEVI RIOS GOMES from IP 192.168.56.1</message>
</record>
</log>
<?xml version="1.0" encoding="UTF-8" standalone="no"?>
<!DOCTYPE log SYSTEM "logger.dtd">
<log>
<record>
  <date>2018-10-09T16:12:28.432-0300</date>
  <logger>LEVI RIOS GOMES</logger>
  <level>FINE</level>
  <message>File 117210339-LEVI RIOS GOMES.zip was received. It was sent by LEVI RIOS GOMES from IP 192.168.56.1</message>
</record>
</log>
<?xml version="1.0" encoding="UTF-8" standalone="no"?>
<!DOCTYPE log SYSTEM "logger.dtd">
<log>
<record>
  <date>2018-10-09T16:48:17.502-0300</date>
  <logger>LEVI RIOS GOMES</logger>
  <level>FINE</level>
  <message>File 117210339-LEVI RIOS GOMES.zip was received. It was sent by LEVI RIOS GOMES from IP 192.168.56.1</message>
</record>
