<?xml version="1.0" encoding="UTF-8" standalone="no"?>
<!DOCTYPE log SYSTEM "logger.dtd">
<log>
<record>
  <date>2018-10-15T16:58:59.800-0300</date>
  <logger>LEVI RIOS GOMES</logger>
  <level>FINE</level>
  <message>File 117210339-LEVI RIOS GOMES.zip was received. It was sent by LEVI RIOS GOMES from IP 192.168.56.1</message>
</record>
</log>
<?xml version="1.0" encoding="UTF-8" standalone="no"?>
<!DOCTYPE log SYSTEM "logger.dtd">
<log>
<record>
  <date>2018-10-17T01:40:56.682-0300</date>
  <logger>LEVI RIOS GOMES</logger>
  <level>FINE</level>
  <message>File 117210339-LEVI RIOS GOMES.zip was received. It was sent by LEVI RIOS GOMES from IP 192.168.56.1</message>
</record>
</log>
<?xml version="1.0" encoding="UTF-8" standalone="no"?>
<!DOCTYPE log SYSTEM "logger.dtd">
<log>
<record>
  <date>2018-10-17T01:48:40.622-0300</date>
  <logger>LEVI RIOS GOMES</logger>
  <level>FINE</level>
  <message>File 117210339-LEVI RIOS GOMES.zip was received. It was sent by LEVI RIOS GOMES from IP 192.168.56.1</message>
</record>
